<?xml version="1.0" encoding="UTF-8"?>
<!-- Generated by org.testng.reporters.JUnitReportReporter -->
<testsuite skipped="0" hostname="BLDM2778-PC" name="Date" tests="1" failures="0" timestamp="26 Nov 2018 16:16:21 GMT" time="0.008" errors="0">
  <testcase name="datemap" time="0.008" classname="Date"/>
</testsuite> <!-- Date -->
