<?xml version="1.0" encoding="UTF-8"?>
<!-- Generated by org.testng.reporters.JUnitReportReporter -->
<testsuite skipped="0" hostname="BLDM2778-PC" name="com.flipkart.qa.tests.LoginTest" tests="1" failures="0" timestamp="24 Nov 2018 15:02:48 GMT" time="18.221" errors="0">
  <testcase name="loginTest" time="18.221" classname="com.flipkart.qa.tests.LoginTest"/>
</testsuite> <!-- com.flipkart.qa.tests.LoginTest -->
